::1 - - [02/Feb/2018:15:45:30 +0800] "GET /wordpress/wp-includes/js/imgareaselect/imgareaselect.css?ver=0.9.8 HTTP/1.1" 200 790
::1 - - [02/Feb/2018:15:45:30 +0800] "GET /wordpress/wp-includes/js/mediaelement/wp-mediaelement.min.css?ver=4.9.2 HTTP/1.1" 200 4068
::1 - - [02/Feb/2018:15:45:30 +0800] "GET /wordpress/wp-includes/js/mediaelement/mediaelementplayer-legacy.min.css?ver=4.2.6-78496d1 HTTP/1.1" 200 11232
::1 - - [02/Feb/2018:15:45:30 +0800] "GET /wordpress/wp-includes/js/codemirror/codemirror.min.css?ver=5.29.1-alpha-ee20357 HTTP/1.1" 200 15899
::1 - - [02/Feb/2018:15:45:31 +0800] "GET /wordpress/wp-includes/js/mediaelement/mediaelement-migrate.min.js?ver=4.9.2 HTTP/1.1" 200 1193
::1 - - [02/Feb/2018:15:45:31 +0800] "GET /wordpress/wp-includes/js/mediaelement/wp-mediaelement.min.js?ver=4.9.2 HTTP/1.1" 200 733
::1 - - [02/Feb/2018:15:45:31 +0800] "GET /wordpress/wp-includes/js/mediaelement/mediaelement-and-player.min.js?ver=4.2.6-78496d1 HTTP/1.1" 200 156559
::1 - - [02/Feb/2018:15:45:31 +0800] "GET /wordpress/wp-includes/js/media-editor.min.js?ver=4.9.2 HTTP/1.1" 200 10905
::1 - - [02/Feb/2018:15:45:31 +0800] "GET /wordpress/wp-includes/js/media-views.min.js?ver=4.9.2 HTTP/1.1" 200 100519
::1 - - [02/Feb/2018:15:45:31 +0800] "GET /wordpress/wp-includes/js/api-request.min.js?ver=4.9.2 HTTP/1.1" 200 697
::1 - - [02/Feb/2018:15:45:31 +0800] "GET /wordpress/wp-admin/load-styles.php?c=1&dir=ltr&load%5B%5D=editor-buttons&ver=4.9.2 HTTP/1.1" 200 6488
::1 - - [02/Feb/2018:15:45:31 +0800] "GET /wordpress/wp-includes/js/media-audiovideo.min.js?ver=4.9.2 HTTP/1.1" 200 12373
::1 - - [02/Feb/2018:15:45:31 +0800] "GET /wordpress/wp-includes/js/codemirror/codemirror.min.js?ver=5.29.1-alpha-ee20357 HTTP/1.1" 200 585414
::1 - - [02/Feb/2018:15:45:31 +0800] "GET /wordpress/wp-includes/js/codemirror/csslint.js?ver=1.0.5 HTTP/1.1" 200 377627
::1 - - [02/Feb/2018:15:45:19 +0800] "GET /wordpress/wp-admin/customize.php HTTP/1.1" 200 339331
::1 - - [02/Feb/2018:15:45:31 +0800] "GET /wordpress/wp-admin/js/widgets/media-audio-widget.min.js?ver=4.9.2 HTTP/1.1" 200 1440
::1 - - [02/Feb/2018:15:45:31 +0800] "GET /wordpress/wp-admin/js/widgets/media-image-widget.min.js?ver=4.9.2 HTTP/1.1" 200 2023
::1 - - [02/Feb/2018:15:45:31 +0800] "GET /wordpress/wp-admin/js/code-editor.min.js?ver=4.9.2 HTTP/1.1" 200 3169
::1 - - [02/Feb/2018:15:45:31 +0800] "GET /wordpress/wp-admin/js/widgets/media-widgets.min.js?ver=4.9.2 HTTP/1.1" 200 14422
::1 - - [02/Feb/2018:15:45:31 +0800] "GET /wordpress/wp-admin/js/widgets/media-gallery-widget.min.js?ver=4.9.2 HTTP/1.1" 200 3779
::1 - - [02/Feb/2018:15:45:31 +0800] "GET /wordpress/wp-admin/js/editor.min.js?ver=4.9.2 HTTP/1.1" 200 13544
::1 - - [02/Feb/2018:15:45:31 +0800] "GET /wordpress/wp-admin/js/widgets/text-widgets.min.js?ver=4.9.2 HTTP/1.1" 200 5924
::1 - - [02/Feb/2018:15:45:31 +0800] "GET /wordpress/wp-admin/js/widgets/media-video-widget.min.js?ver=4.9.2 HTTP/1.1" 200 2705
::1 - - [02/Feb/2018:15:45:31 +0800] "GET /wordpress/wp-includes/js/codemirror/htmlhint.js?ver=0.9.14-xwp HTTP/1.1" 200 17735
::1 - - [02/Feb/2018:15:45:31 +0800] "GET /wordpress/wp-admin/js/widgets/custom-html-widgets.min.js?ver=4.9.2 HTTP/1.1" 200 5578
::1 - - [02/Feb/2018:15:45:31 +0800] "GET /wordpress/wp-content/themes/twentyseventeen/assets/js/customize-controls.js?ver=1.0 HTTP/1.1" 200 1137
::1 - - [02/Feb/2018:15:45:31 +0800] "GET /wordpress/wp-includes/js/codemirror/jshint.js?ver=2.9.5 HTTP/1.1" 200 1053899
::1 - - [02/Feb/2018:15:45:31 +0800] "GET /wordpress/wp-includes/js/tinymce/wp-tinymce.php?c=1&ver=4607-20171116 HTTP/1.1" 200 210699
::1 - - [02/Feb/2018:15:45:30 +0800] "GET /wordpress/wp-admin/load-styles.php?c=1&dir=ltr&load%5B%5D=dashicons,common,forms,admin-menu,dashboard,list-tables,edit,revisions,media,themes,about,nav-menus,wp-pointer,widgets,site-icon&load%5B%5D=,l10n,buttons,customize-controls,customize-widgets,customize-nav-menus,wp-color-picker,media-views,code-editor&ver=4.9.2 HTTP/1.1" 200 116242
::1 - - [02/Feb/2018:15:45:31 +0800] "GET /wordpress/wp-admin/load-scripts.php?c=1&load%5B%5D=jquery-core,jquery-migrate,underscore,wp-a11y,wp-util,jquery-ui-core,jquery-ui-widget,jquery-ui-mouse,jquery-ui-sortable,jquery-&load%5B%5D=ui-draggable,jquery-ui-droppable,backbone,wp-backbone,wp-ajax-response,jquery-color,wp-lists,postbox,nav-menu,shortcode,utils,me&load%5B%5D=dia-models,moxiejs,plupload,wp-plupload&ver=4.9.2 HTTP/1.1" 200 134135
::1 - - [02/Feb/2018:15:45:33 +0800] "GET /wordpress/wp-includes/js/wp-emoji-release.min.js?ver=4.9.2 HTTP/1.1" 200 11915
::1 - - [02/Feb/2018:15:45:31 +0800] "GET /wordpress/wp-admin/load-scripts.php?c=1&load%5B%5D=heartbeat,customize-base,customize-controls,customize-widgets,accordion,customize-nav-menus,jquery-ui-slider,jquery-touch-punch,&load%5B%5D=iris,wp-color-picker,imgareaselect,customize-models,customize-views,mce-view,image-edit,updates,quicktags,wplink,jquery-ui-posit&load%5B%5D=ion,jquery-ui-menu,jquery-ui-autocomplete,thickbox,media-upload&ver=4.9.2 HTTP/1.1" 200 114013
::1 - - [02/Feb/2018:15:45:33 +0800] "GET /wordpress/wp-admin/images/spinner.gif HTTP/1.1" 200 4162
::1 - - [02/Feb/2018:15:45:34 +0800] "GET /wordpress/wp-content/themes/twentyseventeen/assets/images/header.jpg HTTP/1.1" 200 114854
::1 - - [02/Feb/2018:15:45:34 +0800] "GET /wordpress/wp-includes/js/thickbox/loadingAnimation.gif HTTP/1.1" 200 15238
::1 - - [02/Feb/2018:15:45:34 +0800] "GET /wordpress/wp-content/uploads/2018/02/7-wonders-of-the-world-HD-wallpapers.jpg HTTP/1.1" 200 778080
::1 - - [02/Feb/2018:15:45:35 +0800] "GET /wordpress/wp-content/themes/twentyseventeen/style.css?ver=4.9.2 HTTP/1.1" 200 83036
::1 - - [02/Feb/2018:15:45:35 +0800] "GET /wordpress/wp-includes/js/jquery/jquery.js?ver=1.12.4 HTTP/1.1" 200 97184
::1 - - [02/Feb/2018:15:45:35 +0800] "GET /wordpress/wp-includes/js/jquery/jquery-migrate.min.js?ver=1.4.1 HTTP/1.1" 200 10056
::1 - - [02/Feb/2018:15:45:35 +0800] "GET /wordpress/wp-includes/css/dashicons.min.css?ver=4.9.2 HTTP/1.1" 200 46360
::1 - - [02/Feb/2018:15:45:35 +0800] "GET /wordpress/wp-content/themes/twentyseventeen/assets/css/colors-dark.css?ver=1.0 HTTP/1.1" 200 17961
::1 - - [02/Feb/2018:15:45:35 +0800] "GET /wordpress/wp-includes/css/customize-preview.min.css?ver=4.9.2 HTTP/1.1" 200 4970
::1 - - [02/Feb/2018:15:45:36 +0800] "GET /wordpress/wp-content/uploads/2018/02/cropped-tp-banner-02.png HTTP/1.1" 200 92389
::1 - - [02/Feb/2018:15:45:36 +0800] "GET /wordpress/wp-content/uploads/2018/02/sandwich.jpg HTTP/1.1" 200 171858
::1 - - [02/Feb/2018:15:45:36 +0800] "GET /wordpress/wp-content/uploads/2018/02/coffee.jpg HTTP/1.1" 200 117713
::1 - - [02/Feb/2018:15:45:36 +0800] "GET /wordpress/wp-content/uploads/2018/02/espresso.jpg HTTP/1.1" 200 93540
::1 - - [02/Feb/2018:15:45:36 +0800] "GET /wordpress/wp-includes/js/underscore.min.js?ver=1.8.3 HTTP/1.1" 200 16410
::1 - - [02/Feb/2018:15:45:36 +0800] "GET /wordpress/wp-includes/js/customize-base.min.js?ver=4.9.2 HTTP/1.1" 200 7959
::1 - - [02/Feb/2018:15:45:36 +0800] "GET /wordpress/wp-includes/js/wp-a11y.min.js?ver=4.9.2 HTTP/1.1" 200 653
::1 - - [02/Feb/2018:15:45:36 +0800] "GET /wordpress/wp-content/themes/twentyseventeen/assets/js/skip-link-focus-fix.js?ver=1.0 HTTP/1.1" 200 683
::1 - - [02/Feb/2018:15:45:34 +0800] "GET /wordpress/?customize_changeset_uuid=279b7ac3-9b7e-4719-9d8a-56a34e2ea152&customize_theme=twentyseventeen&customize_messenger_channel=preview-0 HTTP/1.1" 200 114024
::1 - - [02/Feb/2018:15:45:36 +0800] "GET /wordpress/wp-content/themes/twentyseventeen/assets/js/navigation.js?ver=1.0 HTTP/1.1" 200 3754
::1 - - [02/Feb/2018:15:45:36 +0800] "GET /wordpress/wp-includes/js/wp-util.min.js?ver=4.9.2 HTTP/1.1" 200 1046
::1 - - [02/Feb/2018:15:45:36 +0800] "GET /wordpress/wp-content/themes/twentyseventeen/assets/js/customize-preview.js?ver=1.0 HTTP/1.1" 200 4480
::1 - - [02/Feb/2018:15:45:36 +0800] "GET /wordpress/wp-content/themes/twentyseventeen/assets/js/global.js?ver=1.0 HTTP/1.1" 200 7682
::1 - - [02/Feb/2018:15:45:36 +0800] "GET /wordpress/wp-includes/js/customize-selective-refresh.min.js?ver=4.9.2 HTTP/1.1" 200 10774
::1 - - [02/Feb/2018:15:45:36 +0800] "GET /wordpress/wp-includes/js/customize-preview-nav-menus.min.js?ver=4.9.2 HTTP/1.1" 200 5050
::1 - - [02/Feb/2018:15:45:36 +0800] "GET /wordpress/wp-includes/js/customize-preview-widgets.min.js?ver=4.9.2 HTTP/1.1" 200 7899
::1 - - [02/Feb/2018:15:45:36 +0800] "GET /wordpress/wp-includes/js/customize-preview.min.js?ver=4.9.2 HTTP/1.1" 200 10900
::1 - - [02/Feb/2018:15:45:37 +0800] "GET /wordpress/wp-includes/js/wp-custom-header.min.js?ver=4.9.2 HTTP/1.1" 200 4462
::1 - - [02/Feb/2018:15:45:36 +0800] "GET /wordpress/wp-content/themes/twentyseventeen/assets/js/jquery.scrollTo.js?ver=2.1.2 HTTP/1.1" 200 5836
::1 - - [02/Feb/2018:15:45:36 +0800] "GET /wordpress/wp-includes/js/wp-embed.min.js?ver=4.9.2 HTTP/1.1" 200 1398
::1 - - [02/Feb/2018:15:45:36 +0800] "GET /wordpress/wp-includes/js/mediaelement/renderers/vimeo.min.js?ver=4.2.6-78496d1 HTTP/1.1" 200 6170
::1 - - [02/Feb/2018:15:45:46 +0800] "GET /favicon.ico HTTP/1.1" 404 209
::1 - - [02/Feb/2018:15:46:33 +0800] "POST /wordpress/wp-admin/admin-ajax.php HTTP/1.1" 200 47
::1 - - [02/Feb/2018:15:48:33 +0800] "POST /wordpress/wp-admin/admin-ajax.php HTTP/1.1" 200 47
::1 - - [02/Feb/2018:15:49:43 +0800] "POST /wordpress/wp-admin/admin-ajax.php HTTP/1.1" 200 47
::1 - - [02/Feb/2018:15:49:47 +0800] "GET /wordpress/wp-includes/images/spinner.gif HTTP/1.1" 200 4162
::1 - - [02/Feb/2018:15:49:47 +0800] "POST /wordpress/wp-admin/admin-ajax.php HTTP/1.1" 200 16229
::1 - - [02/Feb/2018:15:49:47 +0800] "GET /wordpress/wp-content/uploads/2018/02/cropped-tp-banner-02-300x229.png HTTP/1.1" 200 81049
::1 - - [02/Feb/2018:15:49:47 +0800] "GET /wordpress/wp-content/uploads/2018/02/cropped-qwe-300x180.jpg HTTP/1.1" 200 16953
::1 - - [02/Feb/2018:15:49:47 +0800] "GET /wordpress/wp-content/uploads/2018/02/qwe-300x120.jpg HTTP/1.1" 200 11451
::1 - - [02/Feb/2018:15:49:47 +0800] "GET /wordpress/wp-content/uploads/2018/02/7-wonders-of-the-world-HD-wallpapers-300x188.jpg HTTP/1.1" 200 16337
::1 - - [02/Feb/2018:15:49:47 +0800] "GET /wordpress/wp-content/uploads/2018/02/we-300x168.jpg HTTP/1.1" 200 14148
::1 - - [02/Feb/2018:15:49:47 +0800] "GET /wordpress/wp-content/uploads/2018/02/cropped-we-300x180.jpg HTTP/1.1" 200 15482
::1 - - [02/Feb/2018:15:49:47 +0800] "GET /wordpress/wp-content/uploads/2018/02/waawawa-300x175.jpg HTTP/1.1" 200 15959
::1 - - [02/Feb/2018:15:49:47 +0800] "GET /wordpress/wp-content/uploads/2018/02/tp-banner-02-300x229.png HTTP/1.1" 200 80875
::1 - - [02/Feb/2018:15:49:47 +0800] "GET /wordpress/wp-content/uploads/2018/02/coffee-300x180.jpg HTTP/1.1" 200 9997
::1 - - [02/Feb/2018:15:49:47 +0800] "GET /wordpress/wp-content/uploads/2018/02/espresso-300x180.jpg HTTP/1.1" 200 8147
::1 - - [02/Feb/2018:15:49:47 +0800] "GET /wordpress/wp-content/uploads/2018/02/sandwich-300x180.jpg HTTP/1.1" 200 14057
::1 - - [02/Feb/2018:15:49:47 +0800] "POST /wordpress/wp-admin/admin-ajax.php HTTP/1.1" 200 16229
::1 - - [02/Feb/2018:15:49:52 +0800] "GET /wordpress/wp-includes/images/uploader-icons.png HTTP/1.1" 200 1556
::1 - - [02/Feb/2018:15:49:52 +0800] "POST /wordpress/wp-admin/async-upload.php HTTP/1.1" 200 1351
::1 - - [02/Feb/2018:15:49:52 +0800] "GET /wordpress/wp-content/uploads/2018/02/awaerawe-300x240.jpg HTTP/1.1" 200 6673
::1 - - [02/Feb/2018:15:49:54 +0800] "GET /wordpress/wp-content/uploads/2018/02/awaerawe.jpg HTTP/1.1" 200 6560
::1 - - [02/Feb/2018:15:49:54 +0800] "GET /wordpress/wp-includes/js/imgareaselect/border-anim-h.gif HTTP/1.1" 200 178
::1 - - [02/Feb/2018:15:49:54 +0800] "GET /wordpress/wp-includes/js/imgareaselect/border-anim-v.gif HTTP/1.1" 200 178
::1 - - [02/Feb/2018:15:49:56 +0800] "POST /wordpress/wp-admin/admin-ajax.php HTTP/1.1" 200 1359
::1 - - [02/Feb/2018:15:49:57 +0800] "GET /wordpress/wp-content/uploads/2018/02/cropped-awaerawe.jpg HTTP/1.1" 200 6699
::1 - - [02/Feb/2018:15:49:57 +0800] "POST /wordpress/wp-admin/admin-ajax.php HTTP/1.1" 200 46
::1 - - [02/Feb/2018:15:49:57 +0800] "POST /wordpress/?customize_changeset_uuid=279b7ac3-9b7e-4719-9d8a-56a34e2ea152&customize_autosaved=on&customize_preview_nonce=d38c6b01a1 HTTP/1.1" 200 765
::1 - - [02/Feb/2018:15:49:58 +0800] "GET /wordpress/wp-content/uploads/2018/02/cropped-awaerawe.jpg HTTP/1.1" 304 -
::1 - - [02/Feb/2018:15:50:43 +0800] "POST /wordpress/wp-admin/admin-ajax.php HTTP/1.1" 200 47
::1 - - [02/Feb/2018:15:50:57 +0800] "POST /wordpress/wp-admin/admin-ajax.php HTTP/1.1" 200 116
::1 - - [02/Feb/2018:15:51:05 +0800] "POST /wordpress/wp-admin/async-upload.php HTTP/1.1" 200 1337
::1 - - [02/Feb/2018:15:51:06 +0800] "GET /wordpress/wp-content/uploads/2018/02/asdasd-300x205.png HTTP/1.1" 200 74105
::1 - - [02/Feb/2018:15:51:07 +0800] "GET /wordpress/wp-content/uploads/2018/02/asdasd.png HTTP/1.1" 200 327951
::1 - - [02/Feb/2018:15:51:16 +0800] "POST /wordpress/wp-admin/admin-ajax.php HTTP/1.1" 200 1504
::1 - - [02/Feb/2018:15:51:17 +0800] "GET /wordpress/wp-content/uploads/2018/02/cropped-asdasd-300x205.png HTTP/1.1" 200 71456
::1 - - [02/Feb/2018:15:51:17 +0800] "POST /wordpress/?customize_changeset_uuid=279b7ac3-9b7e-4719-9d8a-56a34e2ea152&customize_autosaved=on&customize_preview_nonce=d38c6b01a1 HTTP/1.1" 200 662
::1 - - [02/Feb/2018:15:51:17 +0800] "GET /wordpress/wp-content/uploads/2018/02/cropped-asdasd.png HTTP/1.1" 200 103900
::1 - - [02/Feb/2018:15:51:29 +0800] "GET /wordpress/wp-content/uploads/2018/02/tp-banner-02.png HTTP/1.1" 200 154609
::1 - - [02/Feb/2018:15:51:36 +0800] "POST /wordpress/wp-admin/admin-ajax.php HTTP/1.1" 200 1574
::1 - - [02/Feb/2018:15:51:37 +0800] "GET /wordpress/wp-content/uploads/2018/02/cropped-tp-banner-02-1-300x229.png HTTP/1.1" 200 81049
::1 - - [02/Feb/2018:15:51:37 +0800] "POST /wordpress/?customize_changeset_uuid=279b7ac3-9b7e-4719-9d8a-56a34e2ea152&customize_autosaved=on&customize_preview_nonce=d38c6b01a1 HTTP/1.1" 200 686
::1 - - [02/Feb/2018:15:51:38 +0800] "GET /wordpress/wp-content/uploads/2018/02/cropped-tp-banner-02-1.png HTTP/1.1" 200 92389
::1 - - [02/Feb/2018:15:51:43 +0800] "POST /wordpress/wp-admin/admin-ajax.php HTTP/1.1" 200 47
::1 - - [02/Feb/2018:15:51:57 +0800] "POST /wordpress/wp-admin/admin-ajax.php HTTP/1.1" 200 116
::1 - - [02/Feb/2018:15:52:43 +0800] "POST /wordpress/wp-admin/admin-ajax.php HTTP/1.1" 200 47
::1 - - [02/Feb/2018:15:52:57 +0800] "POST /wordpress/wp-admin/admin-ajax.php HTTP/1.1" 200 163
::1 - - [02/Feb/2018:15:53:20 +0800] "POST /wordpress/wp-admin/admin-ajax.php HTTP/1.1" 200 4553
::1 - - [02/Feb/2018:15:53:20 +0800] "GET /wordpress/wp-content/themes/twentyseventeen/screenshot.png HTTP/1.1" 200 363833
::1 - - [02/Feb/2018:15:53:20 +0800] "GET /wordpress/wp-content/themes/twentyfifteen/screenshot.png HTTP/1.1" 200 576231
::1 - - [02/Feb/2018:15:53:20 +0800] "GET /wordpress/wp-content/themes/twentysixteen/screenshot.png HTTP/1.1" 200 463555
::1 - - [02/Feb/2018:15:53:31 +0800] "POST /wordpress/wp-admin/admin-ajax.php HTTP/1.1" 200 17
::1 - - [02/Feb/2018:15:53:43 +0800] "POST /wordpress/wp-admin/admin-ajax.php HTTP/1.1" 200 47
::1 - - [02/Feb/2018:15:53:53 +0800] "POST /wordpress/wp-admin/admin-ajax.php HTTP/1.1" 200 121
::1 - - [02/Feb/2018:15:53:54 +0800] "GET /wordpress/wp-admin/load-scripts.php?c=1&load%5B%5D=heartbeat,customize-base,customize-controls,customize-widgets,accordion,customize-nav-menus,imgareaselect,customize-models,custo&load%5B%5D=mize-views,mce-view,image-edit,jquery-ui-slider,jquery-touch-punch,iris,wp-color-picker,updates,quicktags,wplink,jquery-ui-posit&load%5B%5D=ion,jquery-ui-menu,jquery-ui-autocomplete,thickbox,media-upload&ver=4.9.2 HTTP/1.1" 200 114090
::1 - - [02/Feb/2018:15:53:54 +0800] "GET /wordpress/wp-admin/load-styles.php?c=1&dir=ltr&load%5B%5D=dashicons,common,forms,admin-menu,dashboard,list-tables,edit,revisions,media,themes,about,nav-menus,wp-pointer,widgets,site-icon&load%5B%5D=,l10n,buttons,customize-controls,customize-widgets,customize-nav-menus,media-views,wp-color-picker,code-editor&ver=4.9.2 HTTP/1.1" 200 116296
::1 - - [02/Feb/2018:15:53:54 +0800] "GET /wordpress/wp-content/themes/twentyfifteen/js/color-scheme-control.js?ver=20141216 HTTP/1.1" 200 2915
::1 - - [02/Feb/2018:15:53:53 +0800] "GET /wordpress/wp-admin/customize.php?theme=twentyfifteen&changeset_uuid=903c49bd-1fbe-4f18-bed5-348ac1802bc9&return=http%3A%2F%2Flocalhost%2Fwordpress%2Fwp-admin%2F&customize_autosaved=on HTTP/1.1" 200 333956
::1 - - [02/Feb/2018:15:53:55 +0800] "GET /wordpress/wp-content/themes/twentyfifteen/style.css?ver=4.9.2 HTTP/1.1" 200 97828
::1 - - [02/Feb/2018:15:53:55 +0800] "GET /wordpress/wp-content/themes/twentyfifteen/genericons/genericons.css?ver=3.2 HTTP/1.1" 200 27519
::1 - - [02/Feb/2018:15:53:55 +0800] "GET /wordpress/wp-content/themes/twentyfifteen/js/customize-preview.js?ver=20141216 HTTP/1.1" 200 832
::1 - - [02/Feb/2018:15:53:55 +0800] "GET /wordpress/wp-content/themes/twentyfifteen/js/skip-link-focus-fix.js?ver=20141010 HTTP/1.1" 200 727
::1 - - [02/Feb/2018:15:53:54 +0800] "GET /wordpress/?customize_changeset_uuid=903c49bd-1fbe-4f18-bed5-348ac1802bc9&customize_theme=twentyfifteen&customize_messenger_channel=preview-0&customize_autosaved=on HTTP/1.1" 200 41454
::1 - - [02/Feb/2018:15:53:55 +0800] "GET /wordpress/wp-content/themes/twentyfifteen/js/functions.js?ver=20150330 HTTP/1.1" 200 5920
::1 - - [02/Feb/2018:15:53:49 +0800] "POST /wordpress/wp-admin/admin-ajax.php HTTP/1.1" 200 175915
::1 - - [02/Feb/2018:15:54:10 +0800] "POST /wordpress/wp-admin/admin-ajax.php HTTP/1.1" 404 50
::1 - - [02/Feb/2018:15:54:11 +0800] "GET /wordpress/wp-admin/load-scripts.php?c=1&load%5B%5D=jquery-core,jquery-migrate,utils&ver=4.9.2 HTTP/1.1" 200 41526
::1 - - [02/Feb/2018:15:54:11 +0800] "GET /wordpress/wp-includes/js/thickbox/thickbox.css?ver=4.9.2 HTTP/1.1" 200 2658
::1 - - [02/Feb/2018:15:54:11 +0800] "GET /wordpress/wp-admin/load-styles.php?c=1&dir=ltr&load%5B%5D=dashicons,admin-bar,common,forms,admin-menu,dashboard,list-tables,edit,revisions,media,themes,about,nav-menus,wp-pointer,widgets&load%5B%5D=,site-icon,l10n,buttons,wp-auth-check&ver=4.9.2 HTTP/1.1" 200 94639
::1 - - [02/Feb/2018:15:54:11 +0800] "GET /wordpress/wp-includes/css/editor.min.css?ver=4.9.2 HTTP/1.1" 200 25769
::1 - - [02/Feb/2018:15:54:10 +0800] "GET /wordpress/wp-admin/ HTTP/1.1" 200 54944
::1 - - [02/Feb/2018:15:54:11 +0800] "GET /wordpress/wp-admin/load-scripts.php?c=1&load%5B%5D=hoverIntent,common,admin-bar,wp-ajax-response,jquery-color,wp-lists,quicktags,jquery-query,admin-comments,jquery-ui-core,jquery-&load%5B%5D=ui-widget,jquery-ui-mouse,jquery-ui-sortable,postbox,underscore,wp-util,wp-a11y,dashboard,thickbox,plugin-install,updates,shortc&load%5B%5D=ode,media-upload,svg-painter,heartbeat,wp-auth-check,wplink,jquery-ui-position,jquery-ui-menu,jquery-ui-autocomplete&ver=4.9.2 HTTP/1.1" 200 79075
::1 - - [02/Feb/2018:15:54:14 +0800] "GET /wordpress/wp-admin/customize.php HTTP/1.1" 200 339331
::1 - - [02/Feb/2018:15:54:15 +0800] "GET /wordpress/wp-content/uploads/2018/02/7-wonders-of-the-world-HD-wallpapers.jpg HTTP/1.1" 304 -
::1 - - [02/Feb/2018:15:54:15 +0800] "GET /wordpress/wp-content/uploads/2018/02/espresso.jpg HTTP/1.1" 304 -
::1 - - [02/Feb/2018:15:54:15 +0800] "GET /wordpress/wp-content/uploads/2018/02/sandwich.jpg HTTP/1.1" 304 -
::1 - - [02/Feb/2018:15:54:15 +0800] "GET /wordpress/wp-content/uploads/2018/02/coffee.jpg HTTP/1.1" 304 -
::1 - - [02/Feb/2018:15:54:15 +0800] "GET /wordpress/?customize_changeset_uuid=8c2b9cc2-9fd6-4f44-8b60-6b9edd6f718f&customize_theme=twentyseventeen&customize_messenger_channel=preview-0 HTTP/1.1" 200 113626
::1 - - [02/Feb/2018:15:54:17 +0800] "POST /wordpress/wp-admin/admin-ajax.php HTTP/1.1" 200 4553
::1 - - [02/Feb/2018:15:54:21 +0800] "GET /wordpress/wp-content/themes/twentysixteen/js/color-scheme-control.js?ver=20160816 HTTP/1.1" 200 2951
::1 - - [02/Feb/2018:15:54:20 +0800] "GET /wordpress/wp-admin/customize.php?theme=twentysixteen&changeset_uuid=8c2b9cc2-9fd6-4f44-8b60-6b9edd6f718f&return=http%3A%2F%2Flocalhost%2Fwordpress%2Fwp-admin%2F HTTP/1.1" 200 342492
::1 - - [02/Feb/2018:15:54:22 +0800] "GET /wordpress/wp-content/themes/twentysixteen/style.css?ver=4.9.2 HTTP/1.1" 200 69883
::1 - - [02/Feb/2018:15:54:22 +0800] "GET /wordpress/wp-content/themes/twentysixteen/genericons/genericons.css?ver=3.4.1 HTTP/1.1" 200 28266
::1 - - [02/Feb/2018:15:54:22 +0800] "GET /wordpress/wp-content/themes/twentysixteen/js/customize-preview.js?ver=20160816 HTTP/1.1" 200 1061
::1 - - [02/Feb/2018:15:54:22 +0800] "GET /wordpress/wp-content/themes/twentysixteen/js/skip-link-focus-fix.js?ver=20160816 HTTP/1.1" 200 1059
::1 - - [02/Feb/2018:15:54:22 +0800] "POST /wordpress/?customize_changeset_uuid=8c2b9cc2-9fd6-4f44-8b60-6b9edd6f718f&customize_theme=twentysixteen&customize_messenger_channel=preview-0&customize_autosaved=on HTTP/1.1" 200 48481
::1 - - [02/Feb/2018:15:54:22 +0800] "GET /wordpress/wp-content/themes/twentysixteen/js/functions.js?ver=20160816 HTTP/1.1" 200 6820
::1 - - [02/Feb/2018:15:54:42 +0800] "POST /wordpress/wp-admin/admin-ajax.php HTTP/1.1" 200 46
::1 - - [02/Feb/2018:15:54:43 +0800] "POST /wordpress/wp-admin/admin-ajax.php HTTP/1.1" 200 4553
::1 - - [02/Feb/2018:15:54:44 +0800] "POST /wordpress/wp-admin/admin-ajax.php HTTP/1.1" 200 175915
::1 - - [02/Feb/2018:15:54:54 +0800] "POST /wordpress/wp-admin/admin-ajax.php HTTP/1.1" 200 199
::1 - - [02/Feb/2018:15:54:55 +0800] "GET /wordpress/wp-admin/customize.php?theme=twentyseventeen&return=http%3A%2F%2Flocalhost%2Fwordpress%2Fwp-admin%2F&changeset_uuid=8c2b9cc2-9fd6-4f44-8b60-6b9edd6f718f&customize_autosaved=on HTTP/1.1" 200 343631
::1 - - [02/Feb/2018:15:54:56 +0800] "GET /wordpress/?customize_changeset_uuid=8c2b9cc2-9fd6-4f44-8b60-6b9edd6f718f&customize_theme=twentyseventeen&customize_messenger_channel=preview-0&customize_autosaved=on HTTP/1.1" 200 113648
::1 - - [02/Feb/2018:15:55:13 +0800] "GET /wordpress/about/?customize_changeset_uuid=8c2b9cc2-9fd6-4f44-8b60-6b9edd6f718f&customize_theme=twentyseventeen&customize_messenger_channel=preview-1&customize_autosaved=on HTTP/1.1" 200 109007
::1 - - [02/Feb/2018:15:55:18 +0800] "GET /wordpress/blog/?customize_changeset_uuid=8c2b9cc2-9fd6-4f44-8b60-6b9edd6f718f&customize_theme=twentyseventeen&customize_messenger_channel=preview-2&customize_autosaved=on HTTP/1.1" 200 110518
::1 - - [02/Feb/2018:15:55:25 +0800] "GET /wordpress/contact/?customize_changeset_uuid=8c2b9cc2-9fd6-4f44-8b60-6b9edd6f718f&customize_theme=twentyseventeen&customize_messenger_channel=preview-3&customize_autosaved=on HTTP/1.1" 200 109019
::1 - - [02/Feb/2018:15:55:33 +0800] "GET /wordpress/blog/?customize_changeset_uuid=8c2b9cc2-9fd6-4f44-8b60-6b9edd6f718f&customize_theme=twentyseventeen&customize_messenger_channel=preview-4&customize_autosaved=on HTTP/1.1" 200 110518
::1 - - [02/Feb/2018:15:55:36 +0800] "GET /wordpress/about/?customize_changeset_uuid=8c2b9cc2-9fd6-4f44-8b60-6b9edd6f718f&customize_theme=twentyseventeen&customize_messenger_channel=preview-5&customize_autosaved=on HTTP/1.1" 200 109007
::1 - - [02/Feb/2018:15:55:43 +0800] "GET /wordpress/?customize_changeset_uuid=8c2b9cc2-9fd6-4f44-8b60-6b9edd6f718f&customize_theme=twentyseventeen&customize_messenger_channel=preview-6&customize_autosaved=on HTTP/1.1" 200 113648
::1 - - [02/Feb/2018:15:55:58 +0800] "POST /wordpress/wp-admin/admin-ajax.php HTTP/1.1" 200 4553
::1 - - [02/Feb/2018:15:55:58 +0800] "POST /wordpress/wp-admin/admin-ajax.php HTTP/1.1" 200 47
::1 - - [02/Feb/2018:15:56:02 +0800] "GET /wordpress/wp-admin/customize.php?theme=twentysixteen&return=http%3A%2F%2Flocalhost%2Fwordpress%2Fwp-admin%2F&changeset_uuid=8c2b9cc2-9fd6-4f44-8b60-6b9edd6f718f&customize_autosaved=on HTTP/1.1" 200 343167
::1 - - [02/Feb/2018:15:56:03 +0800] "GET /wordpress/?customize_changeset_uuid=8c2b9cc2-9fd6-4f44-8b60-6b9edd6f718f&customize_theme=twentysixteen&customize_messenger_channel=preview-0&customize_autosaved=on HTTP/1.1" 200 48353
::1 - - [02/Feb/2018:15:56:12 +0800] "GET /wordpress/about/?customize_changeset_uuid=8c2b9cc2-9fd6-4f44-8b60-6b9edd6f718f&customize_theme=twentysixteen&customize_messenger_channel=preview-1&customize_autosaved=on HTTP/1.1" 200 49106
::1 - - [02/Feb/2018:15:56:12 +0800] "GET /wordpress/wp-content/uploads/2018/02/sandwich-1024x614.jpg HTTP/1.1" 200 93653
::1 - - [02/Feb/2018:15:56:16 +0800] "GET /wordpress/blog/?customize_changeset_uuid=8c2b9cc2-9fd6-4f44-8b60-6b9edd6f718f&customize_theme=twentysixteen&customize_messenger_channel=preview-2&customize_autosaved=on HTTP/1.1" 200 46803
::1 - - [02/Feb/2018:15:56:19 +0800] "GET /wordpress/?customize_changeset_uuid=8c2b9cc2-9fd6-4f44-8b60-6b9edd6f718f&customize_theme=twentysixteen&customize_messenger_channel=preview-3&customize_autosaved=on HTTP/1.1" 200 48353
::1 - - [02/Feb/2018:15:56:21 +0800] "GET /wordpress/wp-content/uploads/2018/02/espresso-1024x614.jpg HTTP/1.1" 200 48256
::1 - - [02/Feb/2018:15:56:20 +0800] "GET /wordpress/contact/?customize_changeset_uuid=8c2b9cc2-9fd6-4f44-8b60-6b9edd6f718f&customize_theme=twentysixteen&customize_messenger_channel=preview-4&customize_autosaved=on HTTP/1.1" 200 49118
::1 - - [02/Feb/2018:15:56:22 +0800] "GET /wordpress/blog/?customize_changeset_uuid=8c2b9cc2-9fd6-4f44-8b60-6b9edd6f718f&customize_theme=twentysixteen&customize_messenger_channel=preview-5&customize_autosaved=on HTTP/1.1" 200 46803
::1 - - [02/Feb/2018:15:56:23 +0800] "GET /wordpress/about/?customize_changeset_uuid=8c2b9cc2-9fd6-4f44-8b60-6b9edd6f718f&customize_theme=twentysixteen&customize_messenger_channel=preview-6&customize_autosaved=on HTTP/1.1" 200 49106
::1 - - [02/Feb/2018:15:56:24 +0800] "GET /wordpress/?customize_changeset_uuid=8c2b9cc2-9fd6-4f44-8b60-6b9edd6f718f&customize_theme=twentysixteen&customize_messenger_channel=preview-7&customize_autosaved=on HTTP/1.1" 200 48353
::1 - - [02/Feb/2018:15:56:27 +0800] "POST /wordpress/wp-admin/admin-ajax.php HTTP/1.1" 404 50
::1 - - [02/Feb/2018:15:56:28 +0800] "GET /wordpress/wp-admin/ HTTP/1.1" 200 54944
::1 - - [02/Feb/2018:15:56:29 +0800] "GET /wordpress/wp-admin/customize.php HTTP/1.1" 200 339331
::1 - - [02/Feb/2018:15:56:30 +0800] "GET /wordpress/wp-content/uploads/2018/02/7-wonders-of-the-world-HD-wallpapers.jpg HTTP/1.1" 304 -
::1 - - [02/Feb/2018:15:56:30 +0800] "GET /wordpress/?customize_changeset_uuid=c2e520e7-7544-4f35-8948-9da657f16c91&customize_theme=twentyseventeen&customize_messenger_channel=preview-0 HTTP/1.1" 200 113626
::1 - - [02/Feb/2018:15:56:32 +0800] "POST /wordpress/wp-admin/admin-ajax.php HTTP/1.1" 200 4553
::1 - - [02/Feb/2018:15:56:34 +0800] "GET /wordpress/wp-admin/customize.php?theme=twentyfifteen&changeset_uuid=c2e520e7-7544-4f35-8948-9da657f16c91&return=http%3A%2F%2Flocalhost%2Fwordpress%2Fwp-admin%2F HTTP/1.1" 200 333337
::1 - - [02/Feb/2018:15:56:35 +0800] "POST /wordpress/?customize_changeset_uuid=c2e520e7-7544-4f35-8948-9da657f16c91&customize_theme=twentyfifteen&customize_messenger_channel=preview-0&customize_autosaved=on HTTP/1.1" 200 41454
::1 - - [02/Feb/2018:15:56:43 +0800] "POST /wordpress/about/?customize_changeset_uuid=c2e520e7-7544-4f35-8948-9da657f16c91&customize_theme=twentyfifteen&customize_messenger_channel=preview-1&customize_autosaved=on HTTP/1.1" 200 42109
::1 - - [02/Feb/2018:15:56:45 +0800] "POST /wordpress/?customize_changeset_uuid=c2e520e7-7544-4f35-8948-9da657f16c91&customize_theme=twentyfifteen&customize_messenger_channel=preview-2&customize_autosaved=on HTTP/1.1" 200 41454
::1 - - [02/Feb/2018:15:56:58 +0800] "POST /wordpress/wp-admin/admin-ajax.php HTTP/1.1" 200 23239
::1 - - [02/Feb/2018:15:56:59 +0800] "GET /wordpress/wp-content/uploads/2018/02/cropped-tp-banner-02-1-300x229.png HTTP/1.1" 304 -
::1 - - [02/Feb/2018:15:56:59 +0800] "GET /wordpress/wp-content/uploads/2018/02/cropped-asdasd-300x205.png HTTP/1.1" 304 -
::1 - - [02/Feb/2018:15:56:59 +0800] "GET /wordpress/wp-content/uploads/2018/02/asdasd-300x205.png HTTP/1.1" 304 -
::1 - - [02/Feb/2018:15:56:59 +0800] "GET /wordpress/wp-content/uploads/2018/02/awaerawe-300x240.jpg HTTP/1.1" 304 -
::1 - - [02/Feb/2018:15:56:59 +0800] "GET /wordpress/wp-content/uploads/2018/02/cropped-tp-banner-02-300x229.png HTTP/1.1" 304 -
::1 - - [02/Feb/2018:15:56:59 +0800] "GET /wordpress/wp-content/uploads/2018/02/cropped-awaerawe-150x150.jpg HTTP/1.1" 200 3545
::1 - - [02/Feb/2018:15:56:59 +0800] "GET /wordpress/wp-content/uploads/2018/02/tp-banner-02-300x229.png HTTP/1.1" 304 -
::1 - - [02/Feb/2018:15:56:59 +0800] "GET /wordpress/wp-content/uploads/2018/02/sandwich-300x180.jpg HTTP/1.1" 304 -
::1 - - [02/Feb/2018:15:56:59 +0800] "GET /wordpress/wp-content/uploads/2018/02/coffee-300x180.jpg HTTP/1.1" 304 -
::1 - - [02/Feb/2018:15:56:59 +0800] "GET /wordpress/wp-content/uploads/2018/02/espresso-300x180.jpg HTTP/1.1" 304 -
::1 - - [02/Feb/2018:15:56:59 +0800] "GET /wordpress/wp-content/uploads/2018/02/7-wonders-of-the-world-HD-wallpapers-300x188.jpg HTTP/1.1" 304 -
::1 - - [02/Feb/2018:15:56:59 +0800] "GET /wordpress/wp-content/uploads/2018/02/waawawa-300x175.jpg HTTP/1.1" 304 -
::1 - - [02/Feb/2018:15:56:59 +0800] "GET /wordpress/wp-content/uploads/2018/02/cropped-we-300x180.jpg HTTP/1.1" 304 -
::1 - - [02/Feb/2018:15:56:59 +0800] "GET /wordpress/wp-content/uploads/2018/02/cropped-qwe-300x180.jpg HTTP/1.1" 304 -
::1 - - [02/Feb/2018:15:56:59 +0800] "GET /wordpress/wp-content/uploads/2018/02/we-300x168.jpg HTTP/1.1" 304 -
::1 - - [02/Feb/2018:15:56:59 +0800] "GET /wordpress/wp-content/uploads/2018/02/qwe-300x120.jpg HTTP/1.1" 304 -
::1 - - [02/Feb/2018:15:56:59 +0800] "POST /wordpress/wp-admin/admin-ajax.php HTTP/1.1" 200 23239
::1 - - [02/Feb/2018:15:57:03 +0800] "GET /wordpress/wp-content/uploads/2018/02/cropped-tp-banner-02.png HTTP/1.1" 304 -
::1 - - [02/Feb/2018:15:57:09 +0800] "POST /wordpress/wp-admin/admin-ajax.php HTTP/1.1" 200 1455
::1 - - [02/Feb/2018:15:57:09 +0800] "GET /wordpress/wp-content/uploads/2018/02/cropped-cropped-tp-banner-02.png HTTP/1.1" 200 58612
::1 - - [02/Feb/2018:15:57:09 +0800] "POST /wordpress/wp-admin/admin-ajax.php HTTP/1.1" 200 46
::1 - - [02/Feb/2018:15:57:10 +0800] "POST /wordpress/?customize_autosaved=on&customize_changeset_uuid=c2e520e7-7544-4f35-8948-9da657f16c91&customize_theme=twentyfifteen&customize_preview_nonce=5587a3a064 HTTP/1.1" 200 548
::1 - - [02/Feb/2018:15:57:10 +0800] "GET /wordpress/wp-content/uploads/2018/02/cropped-cropped-tp-banner-02.png HTTP/1.1" 304 -
::1 - - [02/Feb/2018:15:57:34 +0800] "POST /wordpress/wp-admin/admin-ajax.php HTTP/1.1" 200 47
::1 - - [02/Feb/2018:15:58:09 +0800] "POST /wordpress/wp-admin/admin-ajax.php HTTP/1.1" 200 298
::1 - - [02/Feb/2018:15:58:34 +0800] "POST /wordpress/wp-admin/admin-ajax.php HTTP/1.1" 200 47
::1 - - [02/Feb/2018:15:59:02 +0800] "GET /wordpress/wp-content/uploads/2018/02/7-wonders-of-the-world-HD-wallpapers.jpg HTTP/1.1" 304 -
::1 - - [02/Feb/2018:15:59:09 +0800] "POST /wordpress/wp-admin/admin-ajax.php HTTP/1.1" 200 177
::1 - - [02/Feb/2018:15:59:11 +0800] "POST /wordpress/wp-admin/admin-ajax.php HTTP/1.1" 200 447
::1 - - [02/Feb/2018:15:59:13 +0800] "GET /wordpress/wp-content/uploads/2018/02/cropped-7-wonders-of-the-world-HD-wallpapers.jpg HTTP/1.1" 200 222675
::1 - - [02/Feb/2018:15:59:13 +0800] "POST /wordpress/wp-admin/admin-ajax.php HTTP/1.1" 200 16
::1 - - [02/Feb/2018:15:59:13 +0800] "GET /wordpress/wp-content/uploads/2018/02/cropped-cropped-tp-banner-02.png HTTP/1.1" 304 -
::1 - - [02/Feb/2018:15:59:13 +0800] "GET /wordpress/wp-content/uploads/2018/02/cropped-7-wonders-of-the-world-HD-wallpapers.jpg HTTP/1.1" 304 -
::1 - - [02/Feb/2018:15:59:13 +0800] "POST /wordpress/?customize_changeset_uuid=c2e520e7-7544-4f35-8948-9da657f16c91&customize_theme=twentyfifteen&customize_messenger_channel=preview-3&customize_autosaved=on HTTP/1.1" 200 46271
::1 - - [02/Feb/2018:15:59:34 +0800] "POST /wordpress/wp-admin/admin-ajax.php HTTP/1.1" 200 47
::1 - - [02/Feb/2018:15:59:42 +0800] "POST /wordpress/wp-admin/admin-ajax.php HTTP/1.1" 200 16
::1 - - [02/Feb/2018:15:59:42 +0800] "GET /wordpress/wp-content/uploads/2018/02/cropped-cropped-tp-banner-02.png HTTP/1.1" 304 -
::1 - - [02/Feb/2018:15:59:42 +0800] "POST /wordpress/?customize_changeset_uuid=c2e520e7-7544-4f35-8948-9da657f16c91&customize_theme=twentyfifteen&customize_messenger_channel=preview-4&customize_autosaved=on HTTP/1.1" 200 44664
::1 - - [02/Feb/2018:15:59:51 +0800] "POST /wordpress/wp-admin/admin-ajax.php HTTP/1.1" 200 16
::1 - - [02/Feb/2018:16:00:09 +0800] "POST /wordpress/wp-admin/admin-ajax.php HTTP/1.1" 200 166
::1 - - [02/Feb/2018:16:00:17 +0800] "POST /wordpress/?customize_autosaved=on&customize_changeset_uuid=c2e520e7-7544-4f35-8948-9da657f16c91&customize_theme=twentyfifteen&customize_preview_nonce=5587a3a064 HTTP/1.1" 200 519
::1 - - [02/Feb/2018:16:00:20 +0800] "GET /wordpress/wp-content/uploads/2018/02/awaerawe.jpg HTTP/1.1" 304 -
::1 - - [02/Feb/2018:16:00:22 +0800] "POST /wordpress/wp-admin/admin-ajax.php HTTP/1.1" 200 1375
::1 - - [02/Feb/2018:16:00:22 +0800] "GET /wordpress/wp-content/uploads/2018/02/cropped-awaerawe-1.jpg HTTP/1.1" 200 6608
::1 - - [02/Feb/2018:16:00:22 +0800] "POST /wordpress/?customize_autosaved=on&customize_changeset_uuid=c2e520e7-7544-4f35-8948-9da657f16c91&customize_theme=twentyfifteen&customize_preview_nonce=5587a3a064 HTTP/1.1" 200 1028
::1 - - [02/Feb/2018:16:00:23 +0800] "GET /wordpress/wp-content/uploads/2018/02/cropped-awaerawe-1.jpg HTTP/1.1" 304 -
::1 - - [02/Feb/2018:16:00:25 +0800] "POST /wordpress/?customize_autosaved=on&customize_changeset_uuid=c2e520e7-7544-4f35-8948-9da657f16c91&customize_theme=twentyfifteen&customize_preview_nonce=5587a3a064 HTTP/1.1" 200 519
::1 - - [02/Feb/2018:16:00:30 +0800] "GET /wordpress/wp-content/uploads/2018/02/asdasd.png HTTP/1.1" 304 -
::1 - - [02/Feb/2018:16:00:32 +0800] "POST /wordpress/wp-admin/admin-ajax.php HTTP/1.1" 200 1359
::1 - - [02/Feb/2018:16:00:33 +0800] "GET /wordpress/wp-content/uploads/2018/02/cropped-asdasd-1.png HTTP/1.1" 200 85325
::1 - - [02/Feb/2018:16:00:33 +0800] "POST /wordpress/?customize_autosaved=on&customize_changeset_uuid=c2e520e7-7544-4f35-8948-9da657f16c91&customize_theme=twentyfifteen&customize_preview_nonce=5587a3a064 HTTP/1.1" 200 1020
::1 - - [02/Feb/2018:16:00:33 +0800] "GET /wordpress/wp-content/uploads/2018/02/cropped-asdasd-1.png HTTP/1.1" 304 -
::1 - - [02/Feb/2018:16:00:34 +0800] "POST /wordpress/wp-admin/admin-ajax.php HTTP/1.1" 200 47
::1 - - [02/Feb/2018:16:00:36 +0800] "POST /wordpress/?customize_autosaved=on&customize_changeset_uuid=c2e520e7-7544-4f35-8948-9da657f16c91&customize_theme=twentyfifteen&customize_preview_nonce=5587a3a064 HTTP/1.1" 200 519
::1 - - [02/Feb/2018:16:00:40 +0800] "GET /wordpress/wp-content/uploads/2018/02/tp-banner-02.png HTTP/1.1" 304 -
::1 - - [02/Feb/2018:16:00:40 +0800] "POST /wordpress/wp-admin/admin-ajax.php HTTP/1.1" 200 1407
::1 - - [02/Feb/2018:16:00:41 +0800] "GET /wordpress/wp-content/uploads/2018/02/cropped-tp-banner-02-2.png HTTP/1.1" 200 75294
::1 - - [02/Feb/2018:16:00:41 +0800] "POST /wordpress/?customize_autosaved=on&customize_changeset_uuid=c2e520e7-7544-4f35-8948-9da657f16c91&customize_theme=twentyfifteen&customize_preview_nonce=5587a3a064 HTTP/1.1" 200 1044
::1 - - [02/Feb/2018:16:00:41 +0800] "GET /wordpress/wp-content/uploads/2018/02/cropped-tp-banner-02-2.png HTTP/1.1" 304 -
::1 - - [02/Feb/2018:16:00:49 +0800] "POST /wordpress/wp-admin/admin-ajax.php HTTP/1.1" 200 116
::1 - - [02/Feb/2018:16:01:34 +0800] "POST /wordpress/wp-admin/admin-ajax.php HTTP/1.1" 200 47
::1 - - [02/Feb/2018:16:01:37 +0800] "POST /wordpress/?customize_autosaved=on&customize_changeset_uuid=c2e520e7-7544-4f35-8948-9da657f16c91&customize_theme=twentyfifteen&customize_preview_nonce=5587a3a064 HTTP/1.1" 200 519
::1 - - [02/Feb/2018:16:01:43 +0800] "POST /wordpress/wp-admin/async-upload.php HTTP/1.1" 200 1543
::1 - - [02/Feb/2018:16:01:44 +0800] "GET /wordpress/wp-content/uploads/2018/02/8583d7f2587c82b7228dcceea9cb54df-300x300.jpg HTTP/1.1" 200 12249
::1 - - [02/Feb/2018:16:01:45 +0800] "GET /wordpress/wp-content/uploads/2018/02/8583d7f2587c82b7228dcceea9cb54df.jpg HTTP/1.1" 200 65514
::1 - - [02/Feb/2018:16:01:45 +0800] "GET /wordpress/wp-admin/images/browser.png HTTP/1.1" 200 40626
::1 - - [02/Feb/2018:16:01:47 +0800] "POST /wordpress/wp-admin/admin-ajax.php HTTP/1.1" 200 2126
::1 - - [02/Feb/2018:16:01:47 +0800] "GET /wordpress/wp-content/uploads/2018/02/cropped-8583d7f2587c82b7228dcceea9cb54df.jpg HTTP/1.1" 200 25663
::1 - - [02/Feb/2018:16:01:47 +0800] "GET /wordpress/wp-content/uploads/2018/02/cropped-8583d7f2587c82b7228dcceea9cb54df-32x32.jpg HTTP/1.1" 200 1054
::1 - - [02/Feb/2018:16:01:49 +0800] "POST /wordpress/wp-admin/admin-ajax.php HTTP/1.1" 200 133
::1 - - [02/Feb/2018:16:02:04 +0800] "POST /wordpress/wp-admin/admin-ajax.php HTTP/1.1" 200 1567
::1 - - [02/Feb/2018:16:02:04 +0800] "GET /wordpress/wp-content/uploads/2018/02/cropped-8583d7f2587c82b7228dcceea9cb54df-1.jpg HTTP/1.1" 200 9349
::1 - - [02/Feb/2018:16:02:05 +0800] "POST /wordpress/?customize_autosaved=on&customize_changeset_uuid=c2e520e7-7544-4f35-8948-9da657f16c91&customize_theme=twentyfifteen&customize_preview_nonce=5587a3a064 HTTP/1.1" 200 1141
::1 - - [02/Feb/2018:16:02:05 +0800] "GET /wordpress/wp-content/uploads/2018/02/cropped-8583d7f2587c82b7228dcceea9cb54df-1.jpg HTTP/1.1" 304 -
::1 - - [02/Feb/2018:16:02:31 +0800] "POST /wordpress/wp-admin/admin-ajax.php HTTP/1.1" 200 1546
::1 - - [02/Feb/2018:16:02:34 +0800] "POST /wordpress/wp-admin/admin-ajax.php HTTP/1.1" 200 47
::1 - - [02/Feb/2018:16:02:43 +0800] "GET /wordpress/wp-includes/js/tinymce/skins/lightgray/skin.min.css?wp-mce-4607-20171116 HTTP/1.1" 200 40376
::1 - - [02/Feb/2018:16:02:43 +0800] "GET /wordpress/wp-includes/css/dashicons.min.css?ver=4.9.2&wp-mce-4607-20171116 HTTP/1.1" 200 46360
::1 - - [02/Feb/2018:16:02:43 +0800] "GET /wordpress/wp-includes/js/tinymce/skins/lightgray/content.min.css?wp-mce-4607-20171116 HTTP/1.1" 200 3740
::1 - - [02/Feb/2018:16:02:43 +0800] "GET /wordpress/wp-includes/js/tinymce/skins/wordpress/wp-content.css?ver=4.9.2&wp-mce-4607-20171116 HTTP/1.1" 200 8639
::1 - - [02/Feb/2018:16:02:43 +0800] "GET /wordpress/wp-includes/js/tinymce/skins/lightgray/fonts/tinymce.woff HTTP/1.1" 200 17484
::1 - - [02/Feb/2018:16:02:49 +0800] "POST /wordpress/wp-admin/admin-ajax.php HTTP/1.1" 200 116
::1 - - [02/Feb/2018:16:02:54 +0800] "POST /wordpress/wp-admin/admin-ajax.php HTTP/1.1" 200 862
::1 - - [02/Feb/2018:16:02:55 +0800] "POST /wordpress/?customize_autosaved=on&customize_changeset_uuid=c2e520e7-7544-4f35-8948-9da657f16c91&customize_theme=twentyfifteen&customize_preview_nonce=5587a3a064 HTTP/1.1" 200 835
::1 - - [02/Feb/2018:16:02:56 +0800] "POST /wordpress/wp-admin/admin-ajax.php HTTP/1.1" 200 867
::1 - - [02/Feb/2018:16:02:56 +0800] "POST /wordpress/?customize_autosaved=on&customize_changeset_uuid=c2e520e7-7544-4f35-8948-9da657f16c91&customize_theme=twentyfifteen&customize_preview_nonce=5587a3a064 HTTP/1.1" 200 846
::1 - - [02/Feb/2018:16:02:57 +0800] "POST /wordpress/wp-admin/admin-ajax.php HTTP/1.1" 200 881
::1 - - [02/Feb/2018:16:02:58 +0800] "POST /wordpress/?customize_autosaved=on&customize_changeset_uuid=c2e520e7-7544-4f35-8948-9da657f16c91&customize_theme=twentyfifteen&customize_preview_nonce=5587a3a064 HTTP/1.1" 200 858
::1 - - [02/Feb/2018:16:02:59 +0800] "POST /wordpress/wp-admin/admin-ajax.php HTTP/1.1" 200 895
::1 - - [02/Feb/2018:16:02:59 +0800] "POST /wordpress/?customize_autosaved=on&customize_changeset_uuid=c2e520e7-7544-4f35-8948-9da657f16c91&customize_theme=twentyfifteen&customize_preview_nonce=5587a3a064 HTTP/1.1" 200 864
::1 - - [02/Feb/2018:16:03:02 +0800] "POST /wordpress/wp-admin/admin-ajax.php HTTP/1.1" 200 894
::1 - - [02/Feb/2018:16:03:02 +0800] "POST /wordpress/?customize_autosaved=on&customize_changeset_uuid=c2e520e7-7544-4f35-8948-9da657f16c91&customize_theme=twentyfifteen&customize_preview_nonce=5587a3a064 HTTP/1.1" 200 863
::1 - - [02/Feb/2018:16:03:03 +0800] "POST /wordpress/wp-admin/admin-ajax.php HTTP/1.1" 200 896
::1 - - [02/Feb/2018:16:03:04 +0800] "POST /wordpress/?customize_autosaved=on&customize_changeset_uuid=c2e520e7-7544-4f35-8948-9da657f16c91&customize_theme=twentyfifteen&customize_preview_nonce=5587a3a064 HTTP/1.1" 200 865
::1 - - [02/Feb/2018:16:03:05 +0800] "POST /wordpress/wp-admin/admin-ajax.php HTTP/1.1" 200 910
::1 - - [02/Feb/2018:16:03:06 +0800] "POST /wordpress/?customize_autosaved=on&customize_changeset_uuid=c2e520e7-7544-4f35-8948-9da657f16c91&customize_theme=twentyfifteen&customize_preview_nonce=5587a3a064 HTTP/1.1" 200 871
::1 - - [02/Feb/2018:16:03:07 +0800] "POST /wordpress/wp-admin/admin-ajax.php HTTP/1.1" 200 915
::1 - - [02/Feb/2018:16:03:08 +0800] "POST /wordpress/?customize_autosaved=on&customize_changeset_uuid=c2e520e7-7544-4f35-8948-9da657f16c91&customize_theme=twentyfifteen&customize_preview_nonce=5587a3a064 HTTP/1.1" 200 872
::1 - - [02/Feb/2018:16:03:10 +0800] "POST /wordpress/wp-admin/admin-ajax.php HTTP/1.1" 200 909
::1 - - [02/Feb/2018:16:03:10 +0800] "POST /wordpress/?customize_autosaved=on&customize_changeset_uuid=c2e520e7-7544-4f35-8948-9da657f16c91&customize_theme=twentyfifteen&customize_preview_nonce=5587a3a064 HTTP/1.1" 200 870
::1 - - [02/Feb/2018:16:03:12 +0800] "POST /wordpress/wp-admin/admin-ajax.php HTTP/1.1" 200 119
::1 - - [02/Feb/2018:16:03:31 +0800] "POST /wordpress/wp-admin/admin-ajax.php HTTP/1.1" 200 915
::1 - - [02/Feb/2018:16:03:32 +0800] "POST /wordpress/?customize_autosaved=on&customize_changeset_uuid=c2e520e7-7544-4f35-8948-9da657f16c91&customize_theme=twentyfifteen&customize_preview_nonce=5587a3a064 HTTP/1.1" 200 872
::1 - - [02/Feb/2018:16:03:33 +0800] "POST /wordpress/wp-admin/admin-ajax.php HTTP/1.1" 200 917
::1 - - [02/Feb/2018:16:03:33 +0800] "POST /wordpress/?customize_autosaved=on&customize_changeset_uuid=c2e520e7-7544-4f35-8948-9da657f16c91&customize_theme=twentyfifteen&customize_preview_nonce=5587a3a064 HTTP/1.1" 200 874
::1 - - [02/Feb/2018:16:03:34 +0800] "POST /wordpress/wp-admin/admin-ajax.php HTTP/1.1" 200 47
::1 - - [02/Feb/2018:16:03:37 +0800] "POST /wordpress/wp-admin/admin-ajax.php HTTP/1.1" 200 922
::1 - - [02/Feb/2018:16:03:37 +0800] "POST /wordpress/?customize_autosaved=on&customize_changeset_uuid=c2e520e7-7544-4f35-8948-9da657f16c91&customize_theme=twentyfifteen&customize_preview_nonce=5587a3a064 HTTP/1.1" 200 875
::1 - - [02/Feb/2018:16:04:12 +0800] "POST /wordpress/wp-admin/admin-ajax.php HTTP/1.1" 200 119
::1 - - [02/Feb/2018:16:04:35 +0800] "POST /wordpress/wp-admin/admin-ajax.php HTTP/1.1" 200 47
::1 - - [02/Feb/2018:16:06:36 +0800] "POST /wordpress/wp-admin/admin-ajax.php HTTP/1.1" 200 47
